<?xml version="1.0" encoding="UTF-8"?>
<!-- Generated by org.testng.reporters.JUnitReportReporter -->
<testsuite hostname="SPL1325" failures="0" tests="1" name="com.primero.testcases.Cases_InternalReferCase" time="24.797" errors="0" timestamp="2024-05-22T18:41:25 IST" skipped="0">
  <testcase classname="com.primero.testcases.Cases_InternalReferCase" name="internalReferCase" time="24.797"/>
  <system-out/>
</testsuite> <!-- com.primero.testcases.Cases_InternalReferCase -->
