<?xml version="1.0" encoding="UTF-8"?>
<!-- Generated by org.testng.reporters.JUnitReportReporter -->
<testsuite hostname="SPL1325" failures="0" tests="2" name="com.primero.testcases.ForgetPasswordPageTest" time="30.499" errors="0" timestamp="2024-04-08T16:03:42 IST" skipped="0">
  <testcase classname="com.primero.testcases.ForgetPasswordPageTest" name="performForgetPassword" time="14.638"/>
  <testcase classname="com.primero.testcases.ForgetPasswordPageTest" name="EmailLink" time="15.861"/>
</testsuite> <!-- com.primero.testcases.ForgetPasswordPageTest -->
