<?xml version="1.0" encoding="UTF-8"?>
<!-- Generated by org.testng.reporters.JUnitReportReporter -->
<testsuite hostname="SPL1527" failures="0" tests="3" name="com.primero.testcases.HomePageTest" time="80.432" errors="0" timestamp="2024-10-18T13:18:44 IST" skipped="0">
  <testcase classname="com.primero.testcases.HomePageTest" name="verifyHomePageTitleTest" time="26.402"/>
  <system-out/>
  <testcase classname="com.primero.testcases.HomePageTest" name="verifyHomeTextTest" time="20.746"/>
  <system-out/>
  <testcase classname="com.primero.testcases.HomePageTest" name="verifyContactsLinkTest" time="33.284"/>
  <system-out/>
</testsuite> <!-- com.primero.testcases.HomePageTest -->
