<?xml version="1.0" encoding="UTF-8"?>
<!-- Generated by org.testng.reporters.JUnitReportReporter -->
<testsuite hostname="SPL1527" failures="0" tests="1" name="com.primero.testcases.Cases_TransferCase" time="38.013" errors="0" timestamp="2024-12-27T13:44:19 IST" skipped="0">
  <testcase classname="com.primero.testcases.Cases_TransferCase" name="transferCase" time="38.013"/>
  <system-out/>
</testsuite> <!-- com.primero.testcases.Cases_TransferCase -->
