<?xml version="1.0" encoding="UTF-8"?>
<!-- Generated by org.testng.reporters.JUnitReportReporter -->
<testsuite hostname="SPL1325" failures="0" tests="1" name="com.primero.testcases.Cases_acceptorRejectTransferCase" time="32.630" errors="0" timestamp="2024-06-24T10:04:15 IST" skipped="0">
  <testcase classname="com.primero.testcases.Cases_acceptorRejectTransferCase" name="remoteReferCase" time="32.630"/>
  <system-out/>
</testsuite> <!-- com.primero.testcases.Cases_acceptorRejectTransferCase -->
