<?xml version="1.0" encoding="UTF-8"?>
<!-- Generated by org.testng.reporters.JUnitReportReporter -->
<testsuite hostname="SPL1527" failures="0" tests="1" name="com.primero.testases_Setting.AddField_Form" time="18.794" errors="0" timestamp="2024-10-18T03:59:06 IST" skipped="0">
  <testcase classname="com.primero.testases_Setting.AddField_Form" name="AddField" time="18.794"/>
  <system-out/>
</testsuite> <!-- com.primero.testases_Setting.AddField_Form -->
