<?xml version="1.0" encoding="UTF-8"?>
<!-- Generated by org.testng.reporters.JUnitReportReporter -->
<testsuite hostname="SPL1527" failures="0" tests="2" name="com.primero.testcases_Support.ContactInfo" time="73.662" errors="0" timestamp="2024-12-11T08:58:21 IST" skipped="0">
  <testcase classname="com.primero.testcases_Support.ContactInfo" name="verifySupport" time="16.004"/>
  <system-out/>
  <testcase classname="com.primero.testcases_Support.ContactInfo" name="verifyorgName_Support" time="57.658"/>
  <system-out/>
</testsuite> <!-- com.primero.testcases_Support.ContactInfo -->
