<?xml version="1.0" encoding="UTF-8"?>
<!-- Generated by org.testng.reporters.JUnitReportReporter -->
<testsuite hostname="SPL1325" failures="0" tests="1" name="com.primero.testcases.Cases_ReferCaseRemotely" time="27.320" errors="0" timestamp="2024-07-17T15:52:25 IST" skipped="0">
  <testcase classname="com.primero.testcases.Cases_ReferCaseRemotely" name="remoteReferCase" time="27.320"/>
  <system-out/>
</testsuite> <!-- com.primero.testcases.Cases_ReferCaseRemotely -->
