<?xml version="1.0" encoding="UTF-8"?>
<!-- Generated by org.testng.reporters.JUnitReportReporter -->
<testsuite hostname="SPL1527" failures="0" tests="1" name="com.primero.testcases.Cases_AssignFlagPageTest" time="32.547" errors="0" timestamp="2024-09-18T11:19:11 IST" skipped="0">
  <testcase classname="com.primero.testcases.Cases_AssignFlagPageTest" name="assignFlag" time="32.547"/>
  <system-out/>
</testsuite> <!-- com.primero.testcases.Cases_AssignFlagPageTest -->
