<?xml version="1.0" encoding="UTF-8"?>
<!-- Generated by org.testng.reporters.JUnitReportReporter -->
<testsuite hostname="SPL1527" failures="0" tests="1" name="com.primero.testcases.Cases_Approval" time="88.429" errors="0" timestamp="2024-09-18T13:20:10 IST" skipped="0">
  <testcase classname="com.primero.testcases.Cases_Approval" name="approval" time="88.429"/>
  <system-out/>
</testsuite> <!-- com.primero.testcases.Cases_Approval -->
