<?xml version="1.0" encoding="UTF-8"?>
<!-- Generated by org.testng.reporters.JUnitReportReporter -->
<testsuite hostname="SPL1325" failures="0" tests="1" name="com.primero.testcases.Cases_ReferCaseRemotely" time="25.469" errors="0" timestamp="2024-05-22T14:07:22 IST" skipped="0">
  <testcase classname="com.primero.testcases.Cases_ReferCaseRemotely" name="remoteReferCase" time="25.469"/>
  <system-out/>
</testsuite> <!-- com.primero.testcases.Cases_ReferCaseRemotely -->
