<?xml version="1.0" encoding="UTF-8"?>
<!-- Generated by org.testng.reporters.JUnitReportReporter -->
<testsuite hostname="SPL1527" failures="0" tests="1" name="com.primero.testcases_incident.CP_Enable_Incident" time="28.992" errors="0" timestamp="2024-12-11T09:23:56 IST" skipped="0">
  <testcase classname="com.primero.testcases_incident.CP_Enable_Incident" name="enableIncident" time="28.992"/>
  <system-out/>
</testsuite> <!-- com.primero.testcases_incident.CP_Enable_Incident -->
