<?xml version="1.0" encoding="UTF-8"?>
<!-- Generated by org.testng.reporters.JUnitReportReporter -->
<testsuite hostname="SPL1527" failures="0" tests="2" name="com.primero.testcases.CasesPageTest" time="43.178" errors="0" timestamp="2024-10-18T13:18:44 IST" skipped="0">
  <testcase classname="com.primero.testcases.CasesPageTest" name="verifyCasesLabel" time="14.159"/>
  <system-out/>
  <testcase classname="com.primero.testcases.CasesPageTest" name="sendSearchBoxData" time="29.019"/>
  <system-out/>
</testsuite> <!-- com.primero.testcases.CasesPageTest -->
