<?xml version="1.0" encoding="UTF-8"?>
<!-- Generated by org.testng.reporters.JUnitReportReporter -->
<testsuite hostname="SPL1325" failures="0" tests="3" name="com.primero.testcases.HomePageTest" time="15.869" errors="0" timestamp="2024-04-23T16:16:13 IST" skipped="0">
  <testcase classname="com.primero.testcases.HomePageTest" name="verifyHomePageTitleTest" time="3.723"/>
  <testcase classname="com.primero.testcases.HomePageTest" name="verifyHomeTextTest" time="3.896"/>
  <testcase classname="com.primero.testcases.HomePageTest" name="verifyContactsLinkTest" time="8.250"/>
</testsuite> <!-- com.primero.testcases.HomePageTest -->
