<?xml version="1.0" encoding="UTF-8"?>
<!-- Generated by org.testng.reporters.JUnitReportReporter -->
<testsuite hostname="SPL1325" failures="0" tests="1" name="com.primero.testcases_incident.CP_Add_Incident" time="15.513" errors="0" timestamp="2024-08-14T14:48:18 IST" skipped="0">
  <testcase classname="com.primero.testcases_incident.CP_Add_Incident" name="createIncident" time="15.513"/>
  <system-out/>
</testsuite> <!-- com.primero.testcases_incident.CP_Add_Incident -->
