<?xml version="1.0" encoding="UTF-8"?>
<!-- Generated by org.testng.reporters.JUnitReportReporter -->
<testsuite hostname="SPL1527" failures="0" tests="1" name="com.primero.testases_Setting.Edit_Role" time="14.676" errors="0" timestamp="2024-10-08T14:32:37 IST" skipped="0">
  <testcase classname="com.primero.testases_Setting.Edit_Role" name="editRole" time="14.676"/>
  <system-out/>
</testsuite> <!-- com.primero.testases_Setting.Edit_Role -->
