<?xml version="1.0" encoding="UTF-8"?>
<!-- Generated by org.testng.reporters.JUnitReportReporter -->
<testsuite hostname="SPL1527" failures="0" tests="1" name="com.primero.testases_Setting.UserGroup_sort" time="12.811" errors="0" timestamp="2024-12-27T11:56:49 IST" skipped="0">
  <testcase classname="com.primero.testases_Setting.UserGroup_sort" name="userGroupSort" time="12.811"/>
  <system-out/>
</testsuite> <!-- com.primero.testases_Setting.UserGroup_sort -->
