<?xml version="1.0" encoding="UTF-8"?>
<!-- Generated by org.testng.reporters.JUnitReportReporter -->
<testsuite hostname="SPL1325" failures="0" tests="1" name="com.primero.testcases.Cases_acceptorRejectTransferCase" time="33.721" errors="0" timestamp="2024-07-15T17:35:37 IST" skipped="0">
  <testcase classname="com.primero.testcases.Cases_acceptorRejectTransferCase" name="remoteReferCase" time="33.721"/>
  <system-out/>
</testsuite> <!-- com.primero.testcases.Cases_acceptorRejectTransferCase -->
