<?xml version="1.0" encoding="UTF-8"?>
<!-- Generated by org.testng.reporters.JUnitReportReporter -->
<testsuite hostname="SPL1325" failures="0" tests="1" name="com.primero.testcases_incident.CP_AssignFlag_Incident" time="16.574" errors="0" timestamp="2024-08-12T15:02:15 IST" skipped="0">
  <testcase classname="com.primero.testcases_incident.CP_AssignFlag_Incident" name="assignFlag" time="16.574"/>
  <system-out/>
</testsuite> <!-- com.primero.testcases_incident.CP_AssignFlag_Incident -->
