<?xml version="1.0" encoding="UTF-8"?>
<!-- Generated by org.testng.reporters.JUnitReportReporter -->
<testsuite hostname="SPL1527" failures="0" tests="1" name="com.primero.testcases.Cases_AddNewCasesPageTest" time="215.848" errors="0" timestamp="2024-12-27T13:49:46 IST" skipped="0">
  <testcase classname="com.primero.testcases.Cases_AddNewCasesPageTest" name="addNewCase" time="215.848"/>
  <system-out/>
</testsuite> <!-- com.primero.testcases.Cases_AddNewCasesPageTest -->
