<?xml version="1.0" encoding="UTF-8"?>
<!-- Generated by org.testng.reporters.JUnitReportReporter -->
<testsuite hostname="SPL1527" failures="0" tests="1" name="com.primero.testases_Setting.Edit_ContactInfo" time="18.919" errors="0" timestamp="2024-12-11T10:02:23 IST" skipped="0">
  <testcase classname="com.primero.testases_Setting.Edit_ContactInfo" name="editContactInfo" time="18.919"/>
  <system-out/>
</testsuite> <!-- com.primero.testases_Setting.Edit_ContactInfo -->
