<?xml version="1.0" encoding="UTF-8"?>
<!-- Generated by org.testng.reporters.JUnitReportReporter -->
<testsuite hostname="SPL1527" failures="0" tests="1" name="com.primero.testcases_incident.CP_Disable_Incident" time="15.767" errors="0" timestamp="2024-12-11T09:19:22 IST" skipped="0">
  <testcase classname="com.primero.testcases_incident.CP_Disable_Incident" name="disableIncident" time="15.767"/>
  <system-out/>
</testsuite> <!-- com.primero.testcases_incident.CP_Disable_Incident -->
