<?xml version="1.0" encoding="UTF-8"?>
<!-- Generated by org.testng.reporters.JUnitReportReporter -->
<testsuite hostname="SPL1325" failures="0" tests="1" name="com.primero.testcases.Cases_InternalReferCase" time="29.559" errors="0" timestamp="2024-06-20T16:08:11 IST" skipped="0">
  <testcase classname="com.primero.testcases.Cases_InternalReferCase" name="internalReferCase" time="29.559"/>
  <system-out/>
</testsuite> <!-- com.primero.testcases.Cases_InternalReferCase -->
