<?xml version="1.0" encoding="UTF-8"?>
<!-- Generated by org.testng.reporters.JUnitReportReporter -->
<testsuite hostname="SPL1527" failures="0" tests="1" name="com.primero.testases_Setting.Disabled_User" time="8.881" errors="0" timestamp="2024-10-04T12:58:17 IST" skipped="0">
  <testcase classname="com.primero.testases_Setting.Disabled_User" name="disabledUser" time="8.881"/>
  <system-out/>
</testsuite> <!-- com.primero.testases_Setting.Disabled_User -->
