<?xml version="1.0" encoding="UTF-8"?>
<!-- Generated by org.testng.reporters.JUnitReportReporter -->
<testsuite hostname="SPL1527" failures="0" tests="2" name="com.primero.testcases_TracingRequest.AddNewTracingReqTest" time="23.404" errors="0" timestamp="2025-01-15T16:06:49 IST" skipped="0">
  <testcase classname="com.primero.testcases_TracingRequest.AddNewTracingReqTest" name="verifyCasesLabel" time="6.153"/>
  <system-out/>
  <testcase classname="com.primero.testcases_TracingRequest.AddNewTracingReqTest" name="createTR" time="17.251"/>
  <system-out/>
</testsuite> <!-- com.primero.testcases_TracingRequest.AddNewTracingReqTest -->
