<?xml version="1.0" encoding="UTF-8"?>
<!-- Generated by org.testng.reporters.JUnitReportReporter -->
<testsuite hostname="SPL1325" failures="0" tests="3" name="com.primero.testcases.HomePageTest" time="51.954" errors="0" timestamp="2024-04-10T00:52:48 IST" skipped="0">
  <testcase classname="com.primero.testcases.HomePageTest" name="verifyHomePageTitleTest" time="14.662"/>
  <testcase classname="com.primero.testcases.HomePageTest" name="verifyHomeTextTest" time="15.053"/>
  <testcase classname="com.primero.testcases.HomePageTest" name="verifyContactsLinkTest" time="22.239"/>
</testsuite> <!-- com.primero.testcases.HomePageTest -->
