<?xml version="1.0" encoding="UTF-8"?>
<!-- Generated by org.testng.reporters.JUnitReportReporter -->
<testsuite hostname="SPL1527" failures="0" tests="1" name="com.primero.testcases_MarkOfflineCases.CP_Add_Incident_Markoffline" time="47.349" errors="0" timestamp="2024-12-27T11:15:48 IST" skipped="0">
  <testcase classname="com.primero.testcases_MarkOfflineCases.CP_Add_Incident_Markoffline" name="createIncident" time="47.349"/>
  <system-out/>
</testsuite> <!-- com.primero.testcases_MarkOfflineCases.CP_Add_Incident_Markoffline -->
