<?xml version="1.0" encoding="UTF-8"?>
<!-- Generated by org.testng.reporters.JUnitReportReporter -->
<testsuite hostname="SPL1527" failures="0" tests="1" name="com.primero.testcases.Cases_ReferCaseRemotely" time="41.012" errors="0" timestamp="2024-10-18T13:18:44 IST" skipped="0">
  <testcase classname="com.primero.testcases.Cases_ReferCaseRemotely" name="remoteReferCase" time="41.012"/>
  <system-out/>
</testsuite> <!-- com.primero.testcases.Cases_ReferCaseRemotely -->
