<?xml version="1.0" encoding="UTF-8"?>
<!-- Generated by org.testng.reporters.JUnitReportReporter -->
<testsuite hostname="SPL1325" failures="0" tests="2" name="com.primero.testcases.CasesPageTest" time="13.601" errors="0" timestamp="2024-04-04T12:28:48 IST" skipped="0">
  <testcase classname="com.primero.testcases.CasesPageTest" name="verifyCasesLabel" time="4.735"/>
  <testcase classname="com.primero.testcases.CasesPageTest" name="sendSearchBoxData" time="8.866"/>
</testsuite> <!-- com.primero.testcases.CasesPageTest -->
