<?xml version="1.0" encoding="UTF-8"?>
<!-- Generated by org.testng.reporters.JUnitReportReporter -->
<testsuite hostname="SPL1527" failures="0" tests="1" name="com.primero.testcases.Cases_AssignCase" time="79.323" errors="0" timestamp="2024-09-17T17:31:52 IST" skipped="0">
  <testcase classname="com.primero.testcases.Cases_AssignCase" name="assignCase" time="79.323"/>
  <system-out/>
</testsuite> <!-- com.primero.testcases.Cases_AssignCase -->
