<?xml version="1.0" encoding="UTF-8"?>
<!-- Generated by org.testng.reporters.JUnitReportReporter -->
<testsuite hostname="SPL1527" failures="0" tests="1" name="com.primero.testases_Setting.Edit_Role" time="19.302" errors="0" timestamp="2024-12-11T10:02:23 IST" skipped="0">
  <testcase classname="com.primero.testases_Setting.Edit_Role" name="editRole" time="19.302"/>
  <system-out/>
</testsuite> <!-- com.primero.testases_Setting.Edit_Role -->
