<?xml version="1.0" encoding="UTF-8"?>
<!-- Generated by org.testng.reporters.JUnitReportReporter -->
<testsuite hostname="SPL1527" failures="0" tests="1" name="com.primero.testcases_MarkOfflineCases.CP_Add_Incident_Markoffline" time="31.594" errors="0" timestamp="2024-12-18T10:09:21 IST" skipped="0">
  <testcase classname="com.primero.testcases_MarkOfflineCases.CP_Add_Incident_Markoffline" name="createIncident" time="31.594"/>
  <system-out/>
</testsuite> <!-- com.primero.testcases_MarkOfflineCases.CP_Add_Incident_Markoffline -->
