<?xml version="1.0" encoding="UTF-8"?>
<!-- Generated by org.testng.reporters.JUnitReportReporter -->
<testsuite hostname="SPL1527" failures="0" tests="1" name="com.primero.testcases_MarkOfflineCases.MarkOfflineCases_AddNewCasesPageTest" time="195.137" errors="0" timestamp="2024-11-20T15:07:11 IST" skipped="0">
  <testcase classname="com.primero.testcases_MarkOfflineCases.MarkOfflineCases_AddNewCasesPageTest" name="addNewCase" time="195.137"/>
  <system-out/>
</testsuite> <!-- com.primero.testcases_MarkOfflineCases.MarkOfflineCases_AddNewCasesPageTest -->
