<?xml version="1.0" encoding="UTF-8"?>
<!-- Generated by org.testng.reporters.JUnitReportReporter -->
<testsuite hostname="SPL1325" failures="0" tests="2" name="com.primero.testcases.CasesPageTest" time="21.567" errors="0" timestamp="2024-05-07T16:09:30 IST" skipped="0">
  <testcase classname="com.primero.testcases.CasesPageTest" name="verifyCasesLabel" time="5.069"/>
  <system-out/>
  <testcase classname="com.primero.testcases.CasesPageTest" name="sendSearchBoxData" time="16.498"/>
  <system-out/>
</testsuite> <!-- com.primero.testcases.CasesPageTest -->
