<?xml version="1.0" encoding="UTF-8"?>
<!-- Generated by org.testng.reporters.JUnitReportReporter -->
<testsuite hostname="SPL1527" failures="0" tests="1" name="com.primero.testases_Setting.AuditLogs_Filter" time="18.355" errors="0" timestamp="2024-10-18T03:59:06 IST" skipped="0">
  <testcase classname="com.primero.testases_Setting.AuditLogs_Filter" name="AuditFilter" time="18.355"/>
  <system-out/>
</testsuite> <!-- com.primero.testases_Setting.AuditLogs_Filter -->
