<?xml version="1.0" encoding="UTF-8"?>
<!-- Generated by org.testng.reporters.JUnitReportReporter -->
<testsuite hostname="SPL1527" failures="0" tests="1" name="com.primero.testcases_incident.CP_Edit_Incident" time="25.276" errors="0" timestamp="2024-10-18T03:16:07 IST" skipped="0">
  <testcase classname="com.primero.testcases_incident.CP_Edit_Incident" name="createIncident" time="25.276"/>
  <system-out/>
</testsuite> <!-- com.primero.testcases_incident.CP_Edit_Incident -->
