<?xml version="1.0" encoding="UTF-8"?>
<!-- Generated by org.testng.reporters.JUnitReportReporter -->
<testsuite hostname="SPL1325" failures="0" tests="1" name="com.primero.testcases.Cases_TransferCase" time="19.303" errors="0" timestamp="2024-06-12T13:22:44 IST" skipped="0">
  <testcase classname="com.primero.testcases.Cases_TransferCase" name="remoteReferCase" time="19.303"/>
  <system-out/>
</testsuite> <!-- com.primero.testcases.Cases_TransferCase -->
