<?xml version="1.0" encoding="UTF-8"?>
<!-- Generated by org.testng.reporters.JUnitReportReporter -->
<testsuite hostname="SPL1527" failures="0" tests="1" name="com.primero.testases_Setting.Ageny_UserSort" time="38.461" errors="0" timestamp="2024-12-11T10:02:23 IST" skipped="0">
  <testcase classname="com.primero.testases_Setting.Ageny_UserSort" name="agencyUserSort" time="38.461"/>
  <system-out/>
</testsuite> <!-- com.primero.testases_Setting.Ageny_UserSort -->
