<?xml version="1.0" encoding="UTF-8"?>
<!-- Generated by org.testng.reporters.JUnitReportReporter -->
<testsuite hostname="SPL1527" failures="0" tests="1" name="com.primero.testases_Setting.Edit_Agency" time="12.804" errors="0" timestamp="2024-10-09T19:17:21 IST" skipped="0">
  <testcase classname="com.primero.testases_Setting.Edit_Agency" name="editAgency" time="12.804"/>
  <system-out/>
</testsuite> <!-- com.primero.testases_Setting.Edit_Agency -->
