<?xml version="1.0" encoding="UTF-8"?>
<!-- Generated by org.testng.reporters.JUnitReportReporter -->
<testsuite hostname="SPL1527" failures="0" tests="1" name="com.primero.testases_Setting.Add_Agency" time="14.964" errors="0" timestamp="2024-10-09T15:21:11 IST" skipped="0">
  <testcase classname="com.primero.testases_Setting.Add_Agency" name="addAgency" time="14.964"/>
  <system-out/>
</testsuite> <!-- com.primero.testases_Setting.Add_Agency -->
