<?xml version="1.0" encoding="UTF-8"?>
<!-- Generated by org.testng.reporters.JUnitReportReporter -->
<testsuite hostname="SPL1527" failures="0" tests="1" name="com.primero.testases_Setting.Edit_Form" time="19.747" errors="0" timestamp="2024-12-27T12:20:53 IST" skipped="0">
  <testcase classname="com.primero.testases_Setting.Edit_Form" name="editForm" time="19.747"/>
  <system-out/>
</testsuite> <!-- com.primero.testases_Setting.Edit_Form -->
