<?xml version="1.0" encoding="UTF-8"?>
<!-- Generated by org.testng.reporters.JUnitReportReporter -->
<testsuite hostname="SPL1527" failures="0" tests="1" name="com.primero.testases_Setting.Edit_UserGroup" time="10.668" errors="0" timestamp="2024-10-09T10:42:32 IST" skipped="0">
  <testcase classname="com.primero.testases_Setting.Edit_UserGroup" name="editRole" time="10.668"/>
  <system-out/>
</testsuite> <!-- com.primero.testases_Setting.Edit_UserGroup -->
