<?xml version="1.0" encoding="UTF-8"?>
<!-- Generated by org.testng.reporters.JUnitReportReporter -->
<testsuite hostname="SPL1325" failures="0" tests="1" name="com.primero.testcases_incident.CP_Edit_Incident" time="10.949" errors="0" timestamp="2024-08-12T13:36:23 IST" skipped="0">
  <testcase classname="com.primero.testcases_incident.CP_Edit_Incident" name="createIncident" time="10.949"/>
  <system-out/>
</testsuite> <!-- com.primero.testcases_incident.CP_Edit_Incident -->
