<?xml version="1.0" encoding="UTF-8"?>
<!-- Generated by org.testng.reporters.JUnitReportReporter -->
<testsuite hostname="SPL1527" failures="0" tests="1" name="com.primero.testcases.Cases_AssignFlagPageTest" time="42.555" errors="0" timestamp="2024-12-11T13:03:15 IST" skipped="0">
  <testcase classname="com.primero.testcases.Cases_AssignFlagPageTest" name="assignFlag" time="42.555"/>
  <system-out/>
</testsuite> <!-- com.primero.testcases.Cases_AssignFlagPageTest -->
