<?xml version="1.0" encoding="UTF-8"?>
<!-- Generated by org.testng.reporters.JUnitReportReporter -->
<testsuite hostname="SPL1527" failures="0" tests="1" name="com.primero.testases_Setting.Disabled_UserGroup" time="10.569" errors="0" timestamp="2024-10-09T11:27:26 IST" skipped="0">
  <testcase classname="com.primero.testases_Setting.Disabled_UserGroup" name="disabledUser" time="10.569"/>
  <system-out/>
</testsuite> <!-- com.primero.testases_Setting.Disabled_UserGroup -->
