<?xml version="1.0" encoding="UTF-8"?>
<!-- Generated by org.testng.reporters.JUnitReportReporter -->
<testsuite hostname="SPL1527" failures="0" tests="1" name="com.primero.testcases.Cases_InternalReferCase" time="38.361" errors="0" timestamp="2024-12-27T13:44:19 IST" skipped="0">
  <testcase classname="com.primero.testcases.Cases_InternalReferCase" name="internalReferCase" time="38.361"/>
  <system-out/>
</testsuite> <!-- com.primero.testcases.Cases_InternalReferCase -->
