<?xml version="1.0" encoding="UTF-8"?>
<!-- Generated by org.testng.reporters.JUnitReportReporter -->
<testsuite hostname="SPL1527" failures="0" tests="1" name="com.primero.testases_Setting.Add_User" time="22.611" errors="0" timestamp="2024-12-27T12:20:53 IST" skipped="0">
  <testcase classname="com.primero.testases_Setting.Add_User" name="createUser" time="22.611"/>
  <system-out/>
</testsuite> <!-- com.primero.testases_Setting.Add_User -->
