<?xml version="1.0" encoding="UTF-8"?>
<!-- Generated by org.testng.reporters.JUnitReportReporter -->
<testsuite hostname="SPL1325" failures="0" tests="1" name="com.primero.testcases_incident.CP_Add_Incident" time="13.773" errors="0" timestamp="2024-08-12T11:43:10 IST" skipped="0">
  <testcase classname="com.primero.testcases_incident.CP_Add_Incident" name="createIncident" time="13.773"/>
  <system-out/>
</testsuite> <!-- com.primero.testcases_incident.CP_Add_Incident -->
