<?xml version="1.0" encoding="UTF-8"?>
<!-- Generated by org.testng.reporters.JUnitReportReporter -->
<testsuite hostname="SPL1325" failures="0" tests="1" name="com.primero.testcases.LoginPageTest" time="3.718" errors="0" timestamp="2024-04-04T12:28:48 IST" skipped="0">
  <testcase classname="com.primero.testcases.LoginPageTest" name="loginTest" time="3.718"/>
</testsuite> <!-- com.primero.testcases.LoginPageTest -->
