<?xml version="1.0" encoding="UTF-8"?>
<!-- Generated by org.testng.reporters.JUnitReportReporter -->
<testsuite hostname="SPL1325" failures="0" tests="1" name="com.primero.testcases.Cases_TransferCase" time="23.010" errors="0" timestamp="2024-08-07T14:22:46 IST" skipped="0">
  <testcase classname="com.primero.testcases.Cases_TransferCase" name="remoteReferCase" time="23.010"/>
  <system-out/>
</testsuite> <!-- com.primero.testcases.Cases_TransferCase -->
