<?xml version="1.0" encoding="UTF-8"?>
<!-- Generated by org.testng.reporters.JUnitReportReporter -->
<testsuite hostname="SPL1527" failures="0" tests="1" name="com.primero.testcases.Cases_AssignFlagPageTest" time="26.831" errors="0" timestamp="2024-10-28T19:14:29 IST" skipped="0">
  <testcase classname="com.primero.testcases.Cases_AssignFlagPageTest" name="assignFlag" time="26.831"/>
  <system-out/>
</testsuite> <!-- com.primero.testcases.Cases_AssignFlagPageTest -->
