<?xml version="1.0" encoding="UTF-8"?>
<!-- Generated by org.testng.reporters.JUnitReportReporter -->
<testsuite hostname="SPL1527" failures="0" tests="1" name="com.primero.testcases.InvalidLoginPageTest" time="21.174" errors="0" timestamp="2024-10-18T13:18:44 IST" skipped="0">
  <testcase classname="com.primero.testcases.InvalidLoginPageTest" name="invalidloginTest" time="21.174"/>
  <system-out/>
</testsuite> <!-- com.primero.testcases.InvalidLoginPageTest -->
