<?xml version="1.0" encoding="UTF-8"?>
<!-- Generated by org.testng.reporters.JUnitReportReporter -->
<testsuite hostname="SPL1325" failures="0" tests="2" name="com.primero.testcases.CasesPageTest" time="26.393" errors="0" timestamp="2024-04-12T18:22:45 IST" skipped="0">
  <testcase classname="com.primero.testcases.CasesPageTest" name="verifyCasesLabel" time="9.749"/>
  <testcase classname="com.primero.testcases.CasesPageTest" name="sendSearchBoxData" time="16.644"/>
</testsuite> <!-- com.primero.testcases.CasesPageTest -->
