<?xml version="1.0" encoding="UTF-8"?>
<!-- Generated by org.testng.reporters.JUnitReportReporter -->
<testsuite hostname="SPL1527" failures="0" tests="1" name="com.primero.testases_Setting.Add_Agency" time="27.411" errors="0" timestamp="2024-12-11T10:02:23 IST" skipped="0">
  <testcase classname="com.primero.testases_Setting.Add_Agency" name="addAgency" time="27.411"/>
  <system-out/>
</testsuite> <!-- com.primero.testases_Setting.Add_Agency -->
