<?xml version="1.0" encoding="UTF-8"?>
<!-- Generated by org.testng.reporters.JUnitReportReporter -->
<testsuite hostname="SPL1527" failures="0" tests="2" name="com.primero.testcases_Support.ContactInfo" time="67.170" errors="0" timestamp="2024-12-27T10:59:54 IST" skipped="0">
  <testcase classname="com.primero.testcases_Support.ContactInfo" name="verifySupport" time="37.252"/>
  <system-out/>
  <testcase classname="com.primero.testcases_Support.ContactInfo" name="verifyorgName_Support" time="29.918"/>
  <system-out/>
</testsuite> <!-- com.primero.testcases_Support.ContactInfo -->
