<?xml version="1.0" encoding="UTF-8"?>
<!-- Generated by org.testng.reporters.JUnitReportReporter -->
<testsuite hostname="SPL1325" failures="0" tests="3" name="com.primero.testcases.HomePageTest" time="16.725" errors="0" timestamp="2024-04-04T12:28:48 IST" skipped="0">
  <testcase classname="com.primero.testcases.HomePageTest" name="verifyHomePageTitleTest" time="3.809"/>
  <testcase classname="com.primero.testcases.HomePageTest" name="verifyHomeTextTest" time="4.091"/>
  <testcase classname="com.primero.testcases.HomePageTest" name="verifyContactsLinkTest" time="8.825"/>
</testsuite> <!-- com.primero.testcases.HomePageTest -->
