<?xml version="1.0" encoding="UTF-8"?>
<!-- Generated by org.testng.reporters.JUnitReportReporter -->
<testsuite hostname="SPL1527" failures="0" tests="3" name="com.primero.testcases.LogoutPageTest" time="31.551" errors="0" timestamp="2024-12-27T12:59:37 IST" skipped="0">
  <testcase classname="com.primero.testcases.LogoutPageTest" name="verifyHomePageTitleTest" time="10.615"/>
  <system-out/>
  <testcase classname="com.primero.testcases.LogoutPageTest" name="verifyHomeTextTest" time="13.714"/>
  <system-out/>
  <testcase classname="com.primero.testcases.LogoutPageTest" name="verifyLogoutTest" time="7.222"/>
  <system-out/>
</testsuite> <!-- com.primero.testcases.LogoutPageTest -->
