<?xml version="1.0" encoding="UTF-8"?>
<!-- Generated by org.testng.reporters.JUnitReportReporter -->
<testsuite hostname="SPL1527" failures="0" tests="1" name="com.primero.testcases_MarkOfflineCases.MarkOfflineCases_AddNewCasesPageTest" time="257.976" errors="0" timestamp="2024-12-27T11:15:48 IST" skipped="0">
  <testcase classname="com.primero.testcases_MarkOfflineCases.MarkOfflineCases_AddNewCasesPageTest" name="addNewCase" time="257.976"/>
  <system-out/>
</testsuite> <!-- com.primero.testcases_MarkOfflineCases.MarkOfflineCases_AddNewCasesPageTest -->
