<?xml version="1.0" encoding="UTF-8"?>
<!-- Generated by org.testng.reporters.JUnitReportReporter -->
<testsuite hostname="SPL1527" failures="0" tests="1" name="com.primero.testases_Setting.Disabled_Role" time="17.964" errors="0" timestamp="2024-10-18T03:59:06 IST" skipped="0">
  <testcase classname="com.primero.testases_Setting.Disabled_Role" name="disabledRole" time="17.964"/>
  <system-out/>
</testsuite> <!-- com.primero.testases_Setting.Disabled_Role -->
