<?xml version="1.0" encoding="UTF-8"?>
<!-- Generated by org.testng.reporters.JUnitReportReporter -->
<testsuite hostname="SPL1527" failures="0" tests="1" name="com.primero.testases_Setting.Edit_Form" time="18.262" errors="0" timestamp="2024-10-18T09:41:30 IST" skipped="0">
  <testcase classname="com.primero.testases_Setting.Edit_Form" name="editForm" time="18.262"/>
  <system-out/>
</testsuite> <!-- com.primero.testases_Setting.Edit_Form -->
