<?xml version="1.0" encoding="UTF-8"?>
<!-- Generated by org.testng.reporters.JUnitReportReporter -->
<testsuite hostname="SPL1527" failures="0" tests="1" name="com.primero.testases_Setting.Edit_User" time="10.052" errors="0" timestamp="2024-10-03T20:04:04 IST" skipped="0">
  <testcase classname="com.primero.testases_Setting.Edit_User" name="createUser" time="10.052"/>
  <system-out/>
</testsuite> <!-- com.primero.testases_Setting.Edit_User -->
