<?xml version="1.0" encoding="UTF-8"?>
<!-- Generated by org.testng.reporters.JUnitReportReporter -->
<testsuite hostname="SPL1325" failures="0" tests="2" name="com.primero.testcases.CasesPageTest" time="19.427" errors="0" timestamp="2024-04-29T14:12:12 IST" skipped="0">
  <testcase classname="com.primero.testcases.CasesPageTest" name="verifyCasesLabel" time="4.626"/>
  <testcase classname="com.primero.testcases.CasesPageTest" name="sendSearchBoxData" time="14.801"/>
</testsuite> <!-- com.primero.testcases.CasesPageTest -->
