<?xml version="1.0" encoding="UTF-8"?>
<!-- Generated by org.testng.reporters.JUnitReportReporter -->
<testsuite hostname="SPL1325" failures="0" tests="1" name="com.primero.testcases.InvalidLoginPageTest" time="14.863" errors="0" timestamp="2024-04-08T18:06:58 IST" skipped="0">
  <testcase classname="com.primero.testcases.InvalidLoginPageTest" name="invalidloginTest" time="14.863"/>
</testsuite> <!-- com.primero.testcases.InvalidLoginPageTest -->
