<?xml version="1.0" encoding="UTF-8"?>
<!-- Generated by org.testng.reporters.JUnitReportReporter -->
<testsuite hostname="SPL1325" failures="0" tests="3" name="com.primero.testcases.LogoutPageTest" time="20.933" errors="0" timestamp="2024-04-18T12:34:17 IST" skipped="0">
  <testcase classname="com.primero.testcases.LogoutPageTest" name="verifyHomePageTitleTest" time="3.486"/>
  <testcase classname="com.primero.testcases.LogoutPageTest" name="verifyHomeTextTest" time="3.975"/>
  <testcase classname="com.primero.testcases.LogoutPageTest" name="verifyLogoutTest" time="13.472"/>
</testsuite> <!-- com.primero.testcases.LogoutPageTest -->
