<?xml version="1.0" encoding="UTF-8"?>
<!-- Generated by org.testng.reporters.JUnitReportReporter -->
<testsuite hostname="SPL1325" failures="0" tests="3" name="com.primero.testcases.HomePageTest" time="15.055" errors="0" timestamp="2024-08-20T14:20:39 IST" skipped="0">
  <testcase classname="com.primero.testcases.HomePageTest" name="verifyHomePageTitleTest" time="2.693"/>
  <system-out/>
  <testcase classname="com.primero.testcases.HomePageTest" name="verifyHomeTextTest" time="3.536"/>
  <system-out/>
  <testcase classname="com.primero.testcases.HomePageTest" name="verifyContactsLinkTest" time="8.826"/>
  <system-out/>
</testsuite> <!-- com.primero.testcases.HomePageTest -->
