<?xml version="1.0" encoding="UTF-8"?>
<!-- Generated by org.testng.reporters.JUnitReportReporter -->
<testsuite hostname="SPL1527" failures="0" tests="1" name="com.primero.testcases_incident.CP_Add_Incident" time="21.462" errors="0" timestamp="2024-12-27T11:43:34 IST" skipped="0">
  <testcase classname="com.primero.testcases_incident.CP_Add_Incident" name="createIncident" time="21.462"/>
  <system-out/>
</testsuite> <!-- com.primero.testcases_incident.CP_Add_Incident -->
