<?xml version="1.0" encoding="UTF-8"?>
<!-- Generated by org.testng.reporters.JUnitReportReporter -->
<testsuite hostname="SPL1325" failures="0" tests="1" name="com.primero.testcases.LoginPageTest" time="8.280" errors="0" timestamp="2024-04-10T00:51:48 IST" skipped="0">
  <testcase classname="com.primero.testcases.LoginPageTest" name="loginTest" time="8.280"/>
</testsuite> <!-- com.primero.testcases.LoginPageTest -->
