<?xml version="1.0" encoding="UTF-8"?>
<!-- Generated by org.testng.reporters.JUnitReportReporter -->
<testsuite hostname="SPL1527" failures="0" tests="1" name="com.primero.testases_Setting.UserGroup_sort" time="9.342" errors="0" timestamp="2024-10-04T18:15:24 IST" skipped="0">
  <testcase classname="com.primero.testases_Setting.UserGroup_sort" name="userGroupSort" time="9.342"/>
  <system-out/>
</testsuite> <!-- com.primero.testases_Setting.UserGroup_sort -->
