<?xml version="1.0" encoding="UTF-8"?>
<!-- Generated by org.testng.reporters.JUnitReportReporter -->
<testsuite hostname="SPL1527" failures="0" tests="1" name="com.primero.testases_Setting.Edit_Agency" time="21.411" errors="0" timestamp="2024-12-11T10:02:23 IST" skipped="0">
  <testcase classname="com.primero.testases_Setting.Edit_Agency" name="editAgency" time="21.411"/>
  <system-out/>
</testsuite> <!-- com.primero.testases_Setting.Edit_Agency -->
