<?xml version="1.0" encoding="UTF-8"?>
<!-- Generated by org.testng.reporters.JUnitReportReporter -->
<testsuite hostname="SPL1527" failures="0" tests="1" name="com.primero.testcases_Report.Report_Add" time="217.656" errors="0" timestamp="2024-12-16T22:50:03 IST" skipped="0">
  <testcase classname="com.primero.testcases_Report.Report_Add" name="approval" time="217.656"/>
  <system-out/>
</testsuite> <!-- com.primero.testcases_Report.Report_Add -->
