<?xml version="1.0" encoding="UTF-8"?>
<!-- Generated by org.testng.reporters.JUnitReportReporter -->
<testsuite hostname="SPL1527" failures="0" tests="3" name="com.primero.testcases_Report.Report_EditDelete" time="73.533" errors="0" timestamp="2024-12-27T14:11:24 IST" skipped="0">
  <testcase classname="com.primero.testcases_Report.Report_EditDelete" name="addReportTest" time="37.519"/>
  <system-out/>
  <testcase classname="com.primero.testcases_Report.Report_EditDelete" name="editReportTest" time="25.907"/>
  <system-out/>
  <testcase classname="com.primero.testcases_Report.Report_EditDelete" name="deleteReportTest" time="10.107"/>
  <system-out/>
</testsuite> <!-- com.primero.testcases_Report.Report_EditDelete -->
