<?xml version="1.0" encoding="UTF-8"?>
<!-- Generated by org.testng.reporters.JUnitReportReporter -->
<testsuite hostname="SPL1527" failures="0" tests="1" name="com.primero.testases_Setting.Edit_User" time="15.660" errors="0" timestamp="2024-10-18T09:41:30 IST" skipped="0">
  <testcase classname="com.primero.testases_Setting.Edit_User" name="EditUser" time="15.660"/>
  <system-out/>
</testsuite> <!-- com.primero.testases_Setting.Edit_User -->
