<?xml version="1.0" encoding="UTF-8"?>
<!-- Generated by org.testng.reporters.JUnitReportReporter -->
<testsuite hostname="SPL1527" failures="0" tests="1" name="com.primero.testases_Setting.Disabled_Location" time="13.435" errors="0" timestamp="2024-10-18T03:59:06 IST" skipped="0">
  <testcase classname="com.primero.testases_Setting.Disabled_Location" name="disableLocation" time="13.435"/>
  <system-out/>
</testsuite> <!-- com.primero.testases_Setting.Disabled_Location -->
