<?xml version="1.0" encoding="UTF-8"?>
<!-- Generated by org.testng.reporters.JUnitReportReporter -->
<testsuite hostname="SPL1325" failures="0" tests="1" name="com.primero.testcases.Cases_AssignCase" time="24.537" errors="0" timestamp="2024-05-31T12:30:02 IST" skipped="0">
  <testcase classname="com.primero.testcases.Cases_AssignCase" name="internalReferCase" time="24.537"/>
  <system-out/>
</testsuite> <!-- com.primero.testcases.Cases_AssignCase -->
