<?xml version="1.0" encoding="UTF-8"?>
<!-- Generated by org.testng.reporters.JUnitReportReporter -->
<testsuite hostname="SPL1527" failures="0" tests="1" name="com.primero.testcases.Cases_Approval" time="29.682" errors="0" timestamp="2024-12-11T13:54:40 IST" skipped="0">
  <testcase classname="com.primero.testcases.Cases_Approval" name="approval" time="29.682"/>
  <system-out/>
</testsuite> <!-- com.primero.testcases.Cases_Approval -->
