<?xml version="1.0" encoding="UTF-8"?>
<!-- Generated by org.testng.reporters.JUnitReportReporter -->
<testsuite hostname="SPL1527" failures="0" tests="1" name="com.primero.testcases_MarkOfflineCases.CP_Add_Incident_Markoffline" time="26.631" errors="0" timestamp="2024-11-26T15:56:45 IST" skipped="0">
  <testcase classname="com.primero.testcases_MarkOfflineCases.CP_Add_Incident_Markoffline" name="createIncident" time="26.631"/>
  <system-out/>
</testsuite> <!-- com.primero.testcases_MarkOfflineCases.CP_Add_Incident_Markoffline -->
