<?xml version="1.0" encoding="UTF-8"?>
<!-- Generated by org.testng.reporters.JUnitReportReporter -->
<testsuite hostname="SPL1325" failures="0" tests="1" name="com.primero.testcases.LoginPageTest" time="12.670" errors="0" timestamp="2024-07-08T13:44:28 IST" skipped="0">
  <testcase classname="com.primero.testcases.LoginPageTest" name="loginTest" time="12.670"/>
  <system-out/>
</testsuite> <!-- com.primero.testcases.LoginPageTest -->
