<?xml version="1.0" encoding="UTF-8"?>
<!-- Generated by org.testng.reporters.JUnitReportReporter -->
<testsuite hostname="SPL1325" failures="0" tests="3" name="com.primero.testcases.LogoutPageTest" time="35.849" errors="0" timestamp="2024-04-10T01:26:10 IST" skipped="0">
  <testcase classname="com.primero.testcases.LogoutPageTest" name="verifyHomePageTitleTest" time="7.741"/>
  <testcase classname="com.primero.testcases.LogoutPageTest" name="verifyHomeTextTest" time="7.665"/>
  <testcase classname="com.primero.testcases.LogoutPageTest" name="verifyLogoutTest" time="20.443"/>
</testsuite> <!-- com.primero.testcases.LogoutPageTest -->
