<?xml version="1.0" encoding="UTF-8"?>
<!-- Generated by org.testng.reporters.JUnitReportReporter -->
<testsuite hostname="SPL1325" failures="0" tests="2" name="com.primero.testcases.Cases_AddNewCasesPageTest" time="165.884" errors="0" timestamp="2024-05-10T17:14:25 IST" skipped="0">
  <testcase classname="com.primero.testcases.Cases_AddNewCasesPageTest" name="verifyCasesLabel" time="11.010"/>
  <system-out/>
  <testcase classname="com.primero.testcases.Cases_AddNewCasesPageTest" name="addNewCase" time="154.874"/>
  <system-out/>
</testsuite> <!-- com.primero.testcases.Cases_AddNewCasesPageTest -->
