<?xml version="1.0" encoding="UTF-8"?>
<!-- Generated by org.testng.reporters.JUnitReportReporter -->
<testsuite hostname="SPL1325" failures="0" tests="1" name="com.primero.testcases.CasesPageTest2" time="26.366" errors="0" timestamp="2024-05-02T16:55:52 IST" skipped="0">
  <testcase classname="com.primero.testcases.CasesPageTest2" name="sendSearchBoxData" time="26.366"/>
</testsuite> <!-- com.primero.testcases.CasesPageTest2 -->
