<?xml version="1.0" encoding="UTF-8"?>
<!-- Generated by org.testng.reporters.JUnitReportReporter -->
<testsuite hostname="SPL1325" failures="0" tests="2" name="com.primero.testcases.Cases_AddNewCasesPageTest" time="116.472" errors="0" timestamp="2024-05-06T16:11:01 IST" skipped="0">
  <testcase classname="com.primero.testcases.Cases_AddNewCasesPageTest" name="verifyCasesLabel" time="4.531"/>
  <system-out/>
  <testcase classname="com.primero.testcases.Cases_AddNewCasesPageTest" name="addNewCase" time="111.941"/>
  <system-out/>
</testsuite> <!-- com.primero.testcases.Cases_AddNewCasesPageTest -->
