<?xml version="1.0" encoding="UTF-8"?>
<!-- Generated by org.testng.reporters.JUnitReportReporter -->
<testsuite hostname="SPL1325" failures="0" tests="1" name="com.primero.testcases.LoginPageTest" time="4.284" errors="0" timestamp="2024-04-23T16:16:13 IST" skipped="0">
  <testcase classname="com.primero.testcases.LoginPageTest" name="loginTest" time="4.284"/>
</testsuite> <!-- com.primero.testcases.LoginPageTest -->
