<?xml version="1.0" encoding="UTF-8"?>
<!-- Generated by org.testng.reporters.JUnitReportReporter -->
<testsuite hostname="SPL1527" failures="0" tests="1" name="com.primero.testcases.Cases_AddNewCasesPageTest" time="180.688" errors="0" timestamp="2024-11-13T10:17:57 IST" skipped="0">
  <testcase classname="com.primero.testcases.Cases_AddNewCasesPageTest" name="addNewCase" time="180.688"/>
  <system-out/>
</testsuite> <!-- com.primero.testcases.Cases_AddNewCasesPageTest -->
