<?xml version="1.0" encoding="UTF-8"?>
<!-- Generated by org.testng.reporters.JUnitReportReporter -->
<testsuite hostname="SPL1325" failures="0" tests="1" name="com.primero.testcases.Cases_ReferCaseRemotely" time="21.436" errors="0" timestamp="2024-06-24T13:50:48 IST" skipped="0">
  <testcase classname="com.primero.testcases.Cases_ReferCaseRemotely" name="remoteReferCase" time="21.436"/>
  <system-out/>
</testsuite> <!-- com.primero.testcases.Cases_ReferCaseRemotely -->
